INFO:root:Скрипт запущено!
INFO:root:Початок процесу логування...
INFO:root:Profile picture URL: https://platform-lookaside.fbsbx.com/platform/profilepic/?asid=3773128976283225&height=50&width=50&ext=1742837720&hash=AbbcpwI0rYGVmi6zKMs9HkGa
INFO:root:Скрипт запущено!
INFO:root:Початок процесу логування...
INFO:root:Profile picture URL: https://platform-lookaside.fbsbx.com/platform/profilepic/?asid=3773128976283225&height=50&width=50&ext=1742837744&hash=AbYaKO9rRLpf564ak-VN0fPQ
INFO:root:Скрипт запущено!
INFO:root:Початок процесу логування...
INFO:root:Profile picture URL: https://platform-lookaside.fbsbx.com/platform/profilepic/?asid=3773128976283225&height=50&width=50&ext=1742837745&hash=AbbqRBI8H2a4ozIZ1MnwfRwH
INFO:root:Скрипт запущено!
INFO:root:Початок процесу логування...
INFO:root:Profile picture URL: https://platform-lookaside.fbsbx.com/platform/profilepic/?asid=3773128976283225&height=50&width=50&ext=1742837747&hash=Abafwd4iboX2I2KEzEPB64ux
INFO:root:Скрипт запущено!
INFO:root:Початок процесу логування...
INFO:root:Profile picture URL: https://platform-lookaside.fbsbx.com/platform/profilepic/?asid=3773128976283225&height=50&width=50&ext=1742837748&hash=AbbMjgKePp5SHTwHwkpvA66n
INFO:root:Скрипт запущено!
INFO:root:Початок процесу логування...
INFO:root:Profile picture URL: https://platform-lookaside.fbsbx.com/platform/profilepic/?asid=3773128976283225&height=50&width=50&ext=1742837750&hash=Abbe-YiDDV9IMUqP5WP8bQN5
INFO:root:Скрипт запущено!
INFO:root:Початок процесу логування...
INFO:root:Profile picture URL: https://platform-lookaside.fbsbx.com/platform/profilepic/?asid=3773128976283225&height=50&width=50&ext=1742837752&hash=AbbPHjesuYI6B-aZSUCEuTZm
